<?xml version="1.0" encoding="UTF-8"?>
<!-- Generated by org.testng.reporters.JUnitReportReporter -->
<testsuite hostname="COLLABPH1003073" failures="0" tests="1" name="genStoreTest.GenStoreLogin" time="8.069" errors="0" timestamp="2023-11-04T09:44:56 SGT" skipped="0">
  <testcase classname="genStoreTest.GenStoreLogin" name="login" time="8.069"/>
  <system-out/>
</testsuite> <!-- genStoreTest.GenStoreLogin -->
