<?xml version="1.0" encoding="UTF-8"?>
<!-- Generated by org.testng.reporters.JUnitReportReporter -->
<testsuite hostname="COLLABPH1003073" failures="0" tests="1" name="test.GenStoreBaseClass" time="0.002" errors="0" timestamp="2023-11-03T00:50:08 SGT" skipped="0">
  <testcase classname="test.GenStoreBaseClass" name="test" time="0.002"/>
  <system-out/>
</testsuite> <!-- test.GenStoreBaseClass -->
