<?xml version="1.0" encoding="UTF-8"?>
<!-- Generated by org.testng.reporters.JUnitReportReporter -->
<testsuite hostname="COLLABPH1003073" failures="0" tests="1" name="genStoreTest.GenStoreErrorValidation" time="5.987" errors="0" timestamp="2023-11-04T09:44:56 SGT" skipped="0">
  <testcase classname="genStoreTest.GenStoreErrorValidation" name="errorValidation" time="5.987"/>
  <system-out/>
</testsuite> <!-- genStoreTest.GenStoreErrorValidation -->
