<?xml version="1.0" encoding="UTF-8"?>
<!-- Generated by org.testng.reporters.JUnitReportReporter -->
<testsuite hostname="COLLABPH1003073" failures="0" tests="2" name="genStoreTest.GenStoreLogin" time="5.715" errors="0" timestamp="2023-11-03T05:15:49 SGT" skipped="0">
  <testcase classname="genStoreTest.GenStoreLogin" name="login" time="5.712"/>
  <system-out/>
  <testcase classname="genStoreTest.GenStoreLogin" name="test" time="0.003"/>
  <system-out/>
</testsuite> <!-- genStoreTest.GenStoreLogin -->
