<?xml version="1.0" encoding="UTF-8"?>
<!-- Generated by org.testng.reporters.JUnitReportReporter -->
<testsuite hostname="COLLABPH1003073" failures="0" tests="1" name="genStoreTest.GenStoreScrolltoProduct" time="13.451" errors="0" timestamp="2023-11-04T09:44:56 SGT" skipped="0">
  <testcase classname="genStoreTest.GenStoreScrolltoProduct" name="getShoeNamesandCount" time="13.451"/>
  <system-out/>
</testsuite> <!-- genStoreTest.GenStoreScrolltoProduct -->
