<?xml version="1.0" encoding="UTF-8"?>
<!-- Generated by org.testng.reporters.JUnitReportReporter -->
<testsuite hostname="COLLABPH1003073" failures="0" tests="1" name="genStoreTest.GenStoreBaseClass" time="0.001" errors="0" timestamp="2023-11-04T05:30:35 SGT" skipped="0">
  <testcase classname="genStoreTest.GenStoreBaseClass" name="test" time="0.001"/>
  <system-out/>
</testsuite> <!-- genStoreTest.GenStoreBaseClass -->
